0 info it worked if it ends with ok
1 verbose cli [ 'C:\\Program Files\\nodejs\\node.exe',
1 verbose cli   'C:\\Users\\RPayeras\\AppData\\Roaming\\npm\\node_modules\\npm\\bin\\npm-cli.js',
1 verbose cli   'install',
1 verbose cli   '--save-dev',
1 verbose cli   'transform-replace-object-assign' ]
2 info using npm@3.10.5
3 info using node@v8.2.1
4 silly loadCurrentTree Starting
5 silly install loadCurrentTree
6 silly install readLocalPackageData
7 silly fetchPackageMetaData transform-replace-object-assign
8 silly fetchNamedPackageData transform-replace-object-assign
9 silly mapToRegistry name transform-replace-object-assign
10 silly mapToRegistry using default registry
11 silly mapToRegistry registry https://registry.npmjs.org/
12 silly mapToRegistry data Result {
12 silly mapToRegistry   raw: 'transform-replace-object-assign',
12 silly mapToRegistry   scope: null,
12 silly mapToRegistry   escapedName: 'transform-replace-object-assign',
12 silly mapToRegistry   name: 'transform-replace-object-assign',
12 silly mapToRegistry   rawSpec: '',
12 silly mapToRegistry   spec: 'latest',
12 silly mapToRegistry   type: 'tag' }
13 silly mapToRegistry uri https://registry.npmjs.org/transform-replace-object-assign
14 verbose request uri https://registry.npmjs.org/transform-replace-object-assign
15 verbose request no auth needed
16 info attempt registry request try #1 at 11:08:44
17 verbose request id 05713eac8a3cceb4
18 http request GET https://registry.npmjs.org/transform-replace-object-assign
19 http 404 https://registry.npmjs.org/transform-replace-object-assign
20 verbose headers { 'content-type': 'application/json',
20 verbose headers   'cache-control': 'max-age=0',
20 verbose headers   'content-length': '2',
20 verbose headers   'accept-ranges': 'bytes',
20 verbose headers   date: 'Tue, 22 Aug 2017 09:08:46 GMT',
20 verbose headers   via: '1.1 varnish',
20 verbose headers   age: '0',
20 verbose headers   connection: 'keep-alive',
20 verbose headers   'x-served-by': 'cache-lhr6347-LHR',
20 verbose headers   'x-cache': 'MISS',
20 verbose headers   'x-cache-hits': '0',
20 verbose headers   'x-timer': 'S1503392925.427170,VS0,VE990',
20 verbose headers   vary: 'Accept-Encoding' }
21 silly get cb [ 404,
21 silly get   { 'content-type': 'application/json',
21 silly get     'cache-control': 'max-age=0',
21 silly get     'content-length': '2',
21 silly get     'accept-ranges': 'bytes',
21 silly get     date: 'Tue, 22 Aug 2017 09:08:46 GMT',
21 silly get     via: '1.1 varnish',
21 silly get     age: '0',
21 silly get     connection: 'keep-alive',
21 silly get     'x-served-by': 'cache-lhr6347-LHR',
21 silly get     'x-cache': 'MISS',
21 silly get     'x-cache-hits': '0',
21 silly get     'x-timer': 'S1503392925.427170,VS0,VE990',
21 silly get     vary: 'Accept-Encoding' } ]
22 silly fetchPackageMetaData Error: Registry returned 404 for GET on https://registry.npmjs.org/transform-replace-object-assign
22 silly fetchPackageMetaData     at makeError (C:\Users\RPayeras\AppData\Roaming\npm\node_modules\npm\node_modules\npm-registry-client\lib\request.js:264:12)
22 silly fetchPackageMetaData     at CachingRegistryClient.<anonymous> (C:\Users\RPayeras\AppData\Roaming\npm\node_modules\npm\node_modules\npm-registry-client\lib\request.js:242:14)
22 silly fetchPackageMetaData     at Request._callback (C:\Users\RPayeras\AppData\Roaming\npm\node_modules\npm\node_modules\npm-registry-client\lib\request.js:172:14)
22 silly fetchPackageMetaData     at Request.self.callback (C:\Users\RPayeras\AppData\Roaming\npm\node_modules\npm\node_modules\request\request.js:200:22)
22 silly fetchPackageMetaData     at emitTwo (events.js:125:13)
22 silly fetchPackageMetaData     at Request.emit (events.js:213:7)
22 silly fetchPackageMetaData     at Request.<anonymous> (C:\Users\RPayeras\AppData\Roaming\npm\node_modules\npm\node_modules\request\request.js:1067:10)
22 silly fetchPackageMetaData     at emitOne (events.js:120:20)
22 silly fetchPackageMetaData     at Request.emit (events.js:210:7)
22 silly fetchPackageMetaData     at IncomingMessage.<anonymous> (C:\Users\RPayeras\AppData\Roaming\npm\node_modules\npm\node_modules\request\request.js:988:12)
22 silly fetchPackageMetaData  error for transform-replace-object-assign { Error: Registry returned 404 for GET on https://registry.npmjs.org/transform-replace-object-assign
22 silly fetchPackageMetaData     at makeError (C:\Users\RPayeras\AppData\Roaming\npm\node_modules\npm\node_modules\npm-registry-client\lib\request.js:264:12)
22 silly fetchPackageMetaData     at CachingRegistryClient.<anonymous> (C:\Users\RPayeras\AppData\Roaming\npm\node_modules\npm\node_modules\npm-registry-client\lib\request.js:242:14)
22 silly fetchPackageMetaData     at Request._callback (C:\Users\RPayeras\AppData\Roaming\npm\node_modules\npm\node_modules\npm-registry-client\lib\request.js:172:14)
22 silly fetchPackageMetaData     at Request.self.callback (C:\Users\RPayeras\AppData\Roaming\npm\node_modules\npm\node_modules\request\request.js:200:22)
22 silly fetchPackageMetaData     at emitTwo (events.js:125:13)
22 silly fetchPackageMetaData     at Request.emit (events.js:213:7)
22 silly fetchPackageMetaData     at Request.<anonymous> (C:\Users\RPayeras\AppData\Roaming\npm\node_modules\npm\node_modules\request\request.js:1067:10)
22 silly fetchPackageMetaData     at emitOne (events.js:120:20)
22 silly fetchPackageMetaData     at Request.emit (events.js:210:7)
22 silly fetchPackageMetaData     at IncomingMessage.<anonymous> (C:\Users\RPayeras\AppData\Roaming\npm\node_modules\npm\node_modules\request\request.js:988:12)
22 silly fetchPackageMetaData   pkgid: 'transform-replace-object-assign',
22 silly fetchPackageMetaData   statusCode: 404,
22 silly fetchPackageMetaData   code: 'E404' }
23 silly rollbackFailedOptional Starting
24 silly rollbackFailedOptional Finishing
25 silly runTopLevelLifecycles Starting
26 silly runTopLevelLifecycles Finishing
27 silly install printInstalled
28 verbose stack Error: Registry returned 404 for GET on https://registry.npmjs.org/transform-replace-object-assign
28 verbose stack     at makeError (C:\Users\RPayeras\AppData\Roaming\npm\node_modules\npm\node_modules\npm-registry-client\lib\request.js:264:12)
28 verbose stack     at CachingRegistryClient.<anonymous> (C:\Users\RPayeras\AppData\Roaming\npm\node_modules\npm\node_modules\npm-registry-client\lib\request.js:242:14)
28 verbose stack     at Request._callback (C:\Users\RPayeras\AppData\Roaming\npm\node_modules\npm\node_modules\npm-registry-client\lib\request.js:172:14)
28 verbose stack     at Request.self.callback (C:\Users\RPayeras\AppData\Roaming\npm\node_modules\npm\node_modules\request\request.js:200:22)
28 verbose stack     at emitTwo (events.js:125:13)
28 verbose stack     at Request.emit (events.js:213:7)
28 verbose stack     at Request.<anonymous> (C:\Users\RPayeras\AppData\Roaming\npm\node_modules\npm\node_modules\request\request.js:1067:10)
28 verbose stack     at emitOne (events.js:120:20)
28 verbose stack     at Request.emit (events.js:210:7)
28 verbose stack     at IncomingMessage.<anonymous> (C:\Users\RPayeras\AppData\Roaming\npm\node_modules\npm\node_modules\request\request.js:988:12)
29 verbose statusCode 404
30 verbose pkgid transform-replace-object-assign
31 verbose cwd C:\Users\RPayeras\Dropbox\ProyectosReact\client\src\lib\react-dates
32 error Windows_NT 6.1.7601
33 error argv "C:\\Program Files\\nodejs\\node.exe" "C:\\Users\\RPayeras\\AppData\\Roaming\\npm\\node_modules\\npm\\bin\\npm-cli.js" "install" "--save-dev" "transform-replace-object-assign"
34 error node v8.2.1
35 error npm  v3.10.5
36 error code E404
37 error 404 Registry returned 404 for GET on https://registry.npmjs.org/transform-replace-object-assign
38 error 404
39 error 404 'transform-replace-object-assign' is not in the npm registry.
40 error 404 You should bug the author to publish it (or use the name yourself!)
41 error 404 Note that you can also install from a
42 error 404 tarball, folder, http url, or git url.
43 verbose exit [ 1, true ]
